<?xml version="1.0" encoding="UTF-8"?>
<!-- Generated by org.testng.reporters.JUnitXMLReporter -->
<testsuite ignored="0" hostname="LAPTOP-1B58FF6K" failures="0" tests="2" name="Test-runner-1" time="10.769" errors="0" timestamp="2025-05-13T13:59:13 IST">
  <testcase classname="AddProductTocart.AddProductToCartNew" name="sampleTest" time="0.021"/>
  <testcase classname="AddProductTocart.AddProductToCartNew" name="tc_01_AddProductTocartTest" time="0.716"/>
</testsuite> <!-- Test-runner-1 -->
