<?xml version="1.0" encoding="UTF-8"?>
<!-- Generated by org.testng.reporters.JUnitXMLReporter -->
<testsuite ignored="0" hostname="LAPTOP-1B58FF6K" failures="0" tests="1" name="Test-runner-2" time="9.835" errors="0" timestamp="2025-05-13T13:59:12 IST">
  <testcase classname="AddProductTocart.AddLowestPriceProductTocartTest" name="tc_02_AddLowestPriceProductToCartTest" time="2.735"/>
</testsuite> <!-- Test-runner-2 -->
