<?xml version="1.0" encoding="UTF-8"?>
<!-- Generated by org.testng.reporters.JUnitXMLReporter -->
<testsuite ignored="0" hostname="LAPTOP-1B58FF6K" failures="0" tests="2" name="Test-Firefox" time="11.628" errors="0" timestamp="2025-05-13T14:02:30 IST">
  <testcase classname="AddProductTocart.AddProductToCartNewTest" name="sampleTest" time="0.003"/>
  <testcase classname="AddProductTocart.AddProductToCartNewTest" name="tc_01_AddProductTocartTest" time="0.792"/>
</testsuite> <!-- Test-Firefox -->
