<?xml version="1.0" encoding="UTF-8"?>
<!-- Generated by org.testng.reporters.JUnitReportReporter -->
<testsuite hostname="LAPTOP-1B58FF6K" failures="0" tests="2" name="AddProductTocart.AddProductToCartNewTest" time="3.811" errors="0" timestamp="2025-05-13T14:09:41 IST" skipped="0">
  <testcase classname="AddProductTocart.AddProductToCartNewTest" name="sampleTest" time="1.232"/>
  <testcase classname="AddProductTocart.AddProductToCartNewTest" name="tc_01_AddProductTocartTest" time="2.579"/>
</testsuite> <!-- AddProductTocart.AddProductToCartNewTest -->
