<?xml version="1.0" encoding="UTF-8"?>
<!-- Generated by org.testng.reporters.JUnitReportReporter -->
<testsuite hostname="LAPTOP-1B58FF6K" failures="0" tests="1" name="Practice.SamplJDBC" time="0.940" errors="0" timestamp="2025-05-22T17:11:05 IST" skipped="0">
  <testcase classname="Practice.SamplJDBC" name="executeQueryJDBC" time="0.940"/>
</testsuite> <!-- Practice.SamplJDBC -->
