<?xml version="1.0" encoding="UTF-8"?>
<!-- Generated by org.testng.reporters.JUnitReportReporter -->
<testsuite hostname="LAPTOP-1B58FF6K" failures="0" tests="2" name="AddProductTocart.AddProductToCartNew" time="3.710" errors="0" timestamp="2025-05-13T13:59:14 IST" skipped="0">
  <testcase classname="AddProductTocart.AddProductToCartNew" name="sampleTest" time="1.632"/>
  <testcase classname="AddProductTocart.AddProductToCartNew" name="tc_01_AddProductTocartTest" time="2.078"/>
</testsuite> <!-- AddProductTocart.AddProductToCartNew -->
